#
# There is insufficient memory for the Java Runtime Environment to continue.
# Native memory allocation (mmap) failed to map 134217728 bytes for Failed to commit area from 0x0000000081e00000 to 0x0000000089e00000 of length 134217728.
# Possible reasons:
#   The system is out of physical RAM or swap space
#   The process is running with CompressedOops enabled, and the Java Heap may be blocking the growth of the native heap
# Possible solutions:
#   Reduce memory load on the system
#   Increase physical memory or swap space
#   Check if swap backing store is full
#   Decrease Java heap size (-Xmx/-Xms)
#   Decrease number of Java threads
#   Decrease Java thread stack sizes (-Xss)
#   Set larger code cache with -XX:ReservedCodeCacheSize=
# This output file may be truncated or incomplete.
#
#  Out of Memory Error (t:/workspace/open/src/hotspot/os/windows/os_windows.cpp:3264), pid=26444, tid=26236
#
# JRE version:  (12.0.2+10) (build )
# Java VM: Java HotSpot(TM) 64-Bit Server VM (12.0.2+10, mixed mode, sharing, tiered, compressed oops, g1 gc, windows-amd64)
# No core dump will be written. Minidumps are not enabled by default on client versions of Windows
#

---------------  S U M M A R Y ------------

Command Line: -agentlib:jdwp=transport=dt_socket,suspend=y,address=localhost:56829 -javaagent:C:\Users\BenTarik\eclipse\java-2019-09\eclipse\configuration\org.eclipse.osgi\229\0\.cp\lib\javaagent-shaded.jar -Dfile.encoding=Cp1252 Test

Host: Intel(R) Core(TM) i7-8750H CPU @ 2.20GHz, 12 cores, 7G,  Windows 10 , 64 bit Build 17763 (10.0.17763.475)
Time: Fri Jan 24 16:36:47 2020 Maroc (heure d?été) elapsed time: 0 seconds (0d 0h 0m 0s)

---------------  T H R E A D  ---------------

Current thread (0x0000023e42b59000):  JavaThread "Unknown thread" [_thread_in_vm, id=26236, stack(0x000000c7ad500000,0x000000c7ad600000)]

Stack: [0x000000c7ad500000,0x000000c7ad600000]
Native frames: (J=compiled Java code, j=interpreted, Vv=VM code, C=native code)
V  [jvm.dll+0x63aa2a]
V  [jvm.dll+0x78ce1e]
V  [jvm.dll+0x78e4c1]
V  [jvm.dll+0x78eb13]
V  [jvm.dll+0x2627e8]
V  [jvm.dll+0x637f5a]
V  [jvm.dll+0x62c845]
V  [jvm.dll+0x31e49c]
V  [jvm.dll+0x31e2cf]
V  [jvm.dll+0x324006]
V  [jvm.dll+0x371f56]
V  [jvm.dll+0x371720]
V  [jvm.dll+0x2f845a]
V  [jvm.dll+0x2f96d2]
V  [jvm.dll+0x767267]
V  [jvm.dll+0x7689f5]
V  [jvm.dll+0x380059]
V  [jvm.dll+0x74b794]
V  [jvm.dll+0x3ef5cd]
V  [jvm.dll+0x3f1471]
C  [jli.dll+0x51cf]
C  [ucrtbase.dll+0x21ffa]
C  [KERNEL32.DLL+0x17974]
C  [ntdll.dll+0x6a271]


---------------  P R O C E S S  ---------------

Threads class SMR info:
_java_thread_list=0x00007ffc39f67928, length=0, elements={
}

Java Threads: ( => current thread )

Other Threads:
  0x0000023e42b96000 GCTaskThread "GC Thread#0" [stack: 0x000000c7ad600000,0x000000c7ad700000] [id=24780]
  0x0000023e42ba7800 ConcurrentGCThread "G1 Main Marker" [stack: 0x000000c7ad700000,0x000000c7ad800000] [id=11348]
  0x0000023e42ba9000 ConcurrentGCThread "G1 Conc#0" [stack: 0x000000c7ad800000,0x000000c7ad900000] [id=22648]

[error occurred during error reporting (printing all threads), id 0xc0000005, EXCEPTION_ACCESS_VIOLATION (0xc0000005) at pc=0x00007ffc397985e7]

VM state:not at safepoint (not fully initialized)

VM Mutex/Monitor currently owned by a thread:  ([mutex/lock_event])
[0x0000023e42b54a10] Heap_lock - owner thread: 0x0000023e42b59000

Heap address: 0x0000000081e00000, size: 2018 MB, Compressed Oops mode: Non-zero based: 0x0000000081e00000
Narrow klass base: 0x0000000000000000, Narrow klass shift: 0

GC Heap History (0 events):
No events

Deoptimization events (0 events):
No events

Classes redefined (0 events):
No events

Internal exceptions (0 events):
No events

Events (0 events):
No events


Dynamic libraries:
0x00007ff6f8970000 - 0x00007ff6f897f000 	C:\Program Files\Java\jdk-12.0.2\bin\javaw.exe
0x00007ffc87920000 - 0x00007ffc87b0d000 	C:\Windows\SYSTEM32\ntdll.dll
0x00007ffc84f80000 - 0x00007ffc85033000 	C:\Windows\System32\KERNEL32.DLL
0x00007ffc84180000 - 0x00007ffc84413000 	C:\Windows\System32\KERNELBASE.dll
0x00007ffc84640000 - 0x00007ffc8473a000 	C:\Windows\System32\ucrtbase.dll
0x00007ffc5c930000 - 0x00007ffc5c948000 	C:\Program Files\Java\jdk-12.0.2\bin\jli.dll
0x00007ffc60da0000 - 0x00007ffc60db6000 	C:\Program Files\Java\jdk-12.0.2\bin\VCRUNTIME140.dll
0x00007ffc86f60000 - 0x00007ffc87003000 	C:\Windows\System32\ADVAPI32.dll
0x00007ffc85450000 - 0x00007ffc854ee000 	C:\Windows\System32\msvcrt.dll
0x00007ffc86d90000 - 0x00007ffc86e2e000 	C:\Windows\System32\sechost.dll
0x00007ffc85320000 - 0x00007ffc85442000 	C:\Windows\System32\RPCRT4.dll
0x00007ffc87500000 - 0x00007ffc87697000 	C:\Windows\System32\USER32.dll
0x00007ffc84420000 - 0x00007ffc84440000 	C:\Windows\System32\win32u.dll
0x00007ffc755c0000 - 0x00007ffc75839000 	C:\Windows\WinSxS\amd64_microsoft.windows.common-controls_6595b64144ccf1df_6.0.17763.973_none_05b245900721eb81\COMCTL32.dll
0x00007ffc85170000 - 0x00007ffc85199000 	C:\Windows\System32\GDI32.dll
0x00007ffc854f0000 - 0x00007ffc8581c000 	C:\Windows\System32\combase.dll
0x00007ffc847a0000 - 0x00007ffc84939000 	C:\Windows\System32\gdi32full.dll
0x00007ffc844f0000 - 0x00007ffc84590000 	C:\Windows\System32\msvcp_win.dll
0x00007ffc84440000 - 0x00007ffc844be000 	C:\Windows\System32\bcryptPrimitives.dll
0x00007ffc7f180000 - 0x00007ffc7f18a000 	C:\Windows\SYSTEM32\VERSION.dll
0x00007ffc876a0000 - 0x00007ffc876ce000 	C:\Windows\System32\IMM32.DLL
0x00007ffc4fb00000 - 0x00007ffc4fbaa000 	C:\Program Files\Java\jdk-12.0.2\bin\msvcp140.dll
0x00007ffc39490000 - 0x00007ffc3a007000 	C:\Program Files\Java\jdk-12.0.2\bin\server\jvm.dll
0x00007ffc876d0000 - 0x00007ffc876d8000 	C:\Windows\System32\PSAPI.DLL
0x00007ffc7b230000 - 0x00007ffc7b239000 	C:\Windows\SYSTEM32\WSOCK32.dll
0x00007ffc75510000 - 0x00007ffc75534000 	C:\Windows\SYSTEM32\WINMM.dll
0x00007ffc87490000 - 0x00007ffc874fd000 	C:\Windows\System32\WS2_32.dll
0x00007ffc7a0a0000 - 0x00007ffc7a0cd000 	C:\Windows\SYSTEM32\WINMMBASE.dll
0x00007ffc84130000 - 0x00007ffc8417a000 	C:\Windows\System32\cfgmgr32.dll
0x00007ffc83910000 - 0x00007ffc83921000 	C:\Windows\System32\kernel.appcore.dll
0x00007ffc73d50000 - 0x00007ffc73d61000 	C:\Program Files\Java\jdk-12.0.2\bin\verify.dll
0x00007ffc822c0000 - 0x00007ffc824ad000 	C:\Windows\SYSTEM32\DBGHELP.DLL
0x00007ffc7bef0000 - 0x00007ffc7bf1a000 	C:\Windows\SYSTEM32\dbgcore.DLL
0x00007ffc63b50000 - 0x00007ffc63b76000 	C:\Program Files\Java\jdk-12.0.2\bin\java.dll
0x00007ffc56140000 - 0x00007ffc56178000 	C:\Program Files\Java\jdk-12.0.2\bin\jdwp.dll
0x00007ffc7f1b0000 - 0x00007ffc7f1be000 	C:\Program Files\Java\jdk-12.0.2\bin\instrument.dll
0x00007ffc6a1f0000 - 0x00007ffc6a207000 	C:\Program Files\Java\jdk-12.0.2\bin\zip.dll
0x00007ffc7b1d0000 - 0x00007ffc7b1da000 	C:\Program Files\Java\jdk-12.0.2\bin\jimage.dll

dbghelp: loaded successfully - version: 4.0.5 - missing functions: none
symbol engine: initialized successfully - sym options: 0x614 - pdb path: .;C:\Program Files\Java\jdk-12.0.2\bin;C:\Windows\SYSTEM32;C:\Windows\WinSxS\amd64_microsoft.windows.common-controls_6595b64144ccf1df_6.0.17763.973_none_05b245900721eb81;C:\Program Files\Java\jdk-12.0.2\bin\server

VM Arguments:
jvm_args: -agentlib:jdwp=transport=dt_socket,suspend=y,address=localhost:56829 -javaagent:C:\Users\BenTarik\eclipse\java-2019-09\eclipse\configuration\org.eclipse.osgi\229\0\.cp\lib\javaagent-shaded.jar -Dfile.encoding=Cp1252 
java_command: Test
java_class_path (initial): D:\Utilisateurs\Télechargement\Chess\bin
Launcher Type: SUN_STANDARD

[Global flags]
     intx CICompilerCount                          = 4                                         {product} {ergonomic}
     uint ConcGCThreads                            = 3                                         {product} {ergonomic}
     uint G1ConcRefinementThreads                  = 10                                        {product} {ergonomic}
   size_t G1HeapRegionSize                         = 1048576                                   {product} {ergonomic}
    uintx GCDrainStackTargetSize                   = 64                                        {product} {ergonomic}
   size_t InitialHeapSize                          = 134217728                                 {product} {ergonomic}
   size_t MarkStackSize                            = 4194304                                   {product} {ergonomic}
   size_t MaxHeapSize                              = 2116026368                                {product} {ergonomic}
   size_t MinHeapDeltaBytes                        = 1048576                                   {product} {ergonomic}
    uintx NonNMethodCodeHeapSize                   = 5836300                                {pd product} {ergonomic}
    uintx NonProfiledCodeHeapSize                  = 122910970                              {pd product} {ergonomic}
    uintx ProfiledCodeHeapSize                     = 122910970                              {pd product} {ergonomic}
    uintx ReservedCodeCacheSize                    = 251658240                              {pd product} {ergonomic}
     bool SegmentedCodeCache                       = true                                      {product} {ergonomic}
     bool UseCompressedClassPointers               = true                                 {lp64_product} {ergonomic}
     bool UseCompressedOops                        = true                                 {lp64_product} {ergonomic}
     bool UseG1GC                                  = true                                      {product} {ergonomic}
     bool UseLargePagesIndividualAllocation        = false                                  {pd product} {ergonomic}

Logging:
Log output configuration:
 #0: stdout all=warning uptime,level,tags
 #1: stderr all=off uptime,level,tags

Environment Variables:
PATH=C:/Program Files/Java/jdk-12.0.2/bin/server;C:/Program Files/Java/jdk-12.0.2/bin;D:\app\BenTarik\product\11.2.0\dbhome_1\bin;C:\Windows\system32;C:\Windows;C:\Windows\System32\Wbem;C:\Windows\System32\WindowsPowerShell\v1.0\;C:\Windows\System32\OpenSSH\;C:\wamp64\bin\php\php7.3.1;C:\ProgramData\ComposerSetup\bin;C:\Program Files\Git\cmd;C:\Program Files\Java\jdk-12.0.2\bin;C:\Program Files\Polyspace\R2019a\runtime\win64;C:\Program Files\Polyspace\R2019a\bin;C:\Users\BenTarik\AppData\Local\Microsoft\WindowsApps;C:\Users\BenTarik\AppData\Roaming\Composer\vendor\bin;C:\Users\BenTarik\AppData\Local\Programs\Microsoft VS Code\bin;C:\Gradle\gradle-5.6.3\bin;;C:\Windows\System32;
USERNAME=BenTarik
OS=Windows_NT
PROCESSOR_IDENTIFIER=Intel64 Family 6 Model 158 Stepping 10, GenuineIntel



---------------  S Y S T E M  ---------------

OS: Windows 10 , 64 bit Build 17763 (10.0.17763.475)

CPU:total 12 (initial active 12) (6 cores per cpu, 2 threads per core) family 6 model 158 stepping 10, cmov, cx8, fxsr, mmx, sse, sse2, sse3, ssse3, sse4.1, sse4.2, popcnt, avx, avx2, aes, clmul, erms, 3dnowpref, lzcnt, ht, tsc, tscinvbit, bmi1, bmi2, adx, fma

Memory: 4k page, system-wide physical 8065M (1673M free)
TotalPageFile size 32641M (AvailPageFile size 75M)
current process WorkingSet (physical memory assigned to process): 10M, peak: 10M
current process commit charge ("private bytes"): 64M, peak: 192M

vm_info: Java HotSpot(TM) 64-Bit Server VM (12.0.2+10) for windows-amd64 JRE (12.0.2+10), built on Jul 16 2019 01:56:17 by "mach5one" with MS VC++ 15.5 (VS2017)

END.
